23:40:17.818 INFO [GridLauncherV3.parse] - Selenium server version: 3.141.59, revision: e82be7d358
23:40:17.875 INFO [GridLauncherV3.lambda$buildLaunchers$3] - Launching a standalone Selenium Server on port 4444
2019-04-26 23:40:17.921:INFO::main: Logging initialized @450ms to org.seleniumhq.jetty9.util.log.StdErrLog
23:40:18.135 INFO [WebDriverServlet.<init>] - Initialising WebDriverServlet
23:40:18.225 INFO [SeleniumServer.boot] - Selenium Server is up and running on port 4444
23:40:18.520 INFO [ActiveSessionFactory.apply] - Capabilities are: {
  "acceptSslCerts": true,
  "browserName": "firefox",
  "name": "Webdriver Nightwatch"
}
23:40:18.522 INFO [ActiveSessionFactory.lambda$apply$11] - Matched factory org.openqa.selenium.grid.session.remote.ServicedSession$Factory (provider: org.openqa.selenium.firefox.GeckoDriverService)
1556314819145	mozrunner::runner	INFO	Running command: "/usr/bin/firefox" "-marionette" "-foreground" "-no-remote" "-profile" "/tmp/rust_mozprofile.yXIrHqZSyJWi"
1556314820205	addons.webextension.screenshots@mozilla.org	WARN	Loading extension 'screenshots@mozilla.org': Reading manifest: Invalid extension permission: mozillaAddons
1556314820205	addons.webextension.screenshots@mozilla.org	WARN	Loading extension 'screenshots@mozilla.org': Reading manifest: Invalid extension permission: resource://pdf.js/
1556314820205	addons.webextension.screenshots@mozilla.org	WARN	Loading extension 'screenshots@mozilla.org': Reading manifest: Invalid extension permission: about:reader*
1556314822146	Marionette	INFO	Listening on port 44651
23:40:22.249 INFO [ProtocolHandshake.createSession] - Detected dialect: W3C
23:40:22.272 INFO [RemoteSession$Factory.lambda$performHandshake$0] - Started new session aad1b871-a762-4378-87c2-44d9996e8558 (org.openqa.selenium.firefox.GeckoDriverService)
1556314824095	Marionette	INFO	Stopped listening on port 44651
[Parent 10925, Gecko_IOThread] WARNING: pipe error (79): Connection reset by peer: file /build/firefox-6m4fHv/firefox-66.0.3+build1/ipc/chromium/src/chrome/common/ipc_channel_posix.cc, line 357
23:40:24.599 INFO [ActiveSessions$1.onStop] - Removing session aad1b871-a762-4378-87c2-44d9996e8558 (org.openqa.selenium.firefox.GeckoDriverService)
